<?xml version="1.0" encoding="UTF-8"?>
<testsuite name="com.example.spacetravel.service.TicketCrudServiceTest" tests="7" skipped="0" failures="0" errors="0" timestamp="2026-06-10T15:50:41.631Z" hostname="oleksii-home" time="0.108">
  <properties/>
  <testcase name="shouldRejectTicketWithNullFromPlanet()" classname="com.example.spacetravel.service.TicketCrudServiceTest" time="0.012"/>
  <testcase name="shouldRejectTicketWithNullToPlanet()" classname="com.example.spacetravel.service.TicketCrudServiceTest" time="0.01"/>
  <testcase name="shouldRejectTicketWithNonExistingClient()" classname="com.example.spacetravel.service.TicketCrudServiceTest" time="0.007"/>
  <testcase name="shouldRejectTicketWithNonExistingToPlanet()" classname="com.example.spacetravel.service.TicketCrudServiceTest" time="0.012"/>
  <testcase name="shouldRejectTicketWithNullClient()" classname="com.example.spacetravel.service.TicketCrudServiceTest" time="0.006"/>
  <testcase name="shouldCreateReadUpdateAndDeleteTicket()" classname="com.example.spacetravel.service.TicketCrudServiceTest" time="0.036"/>
  <testcase name="shouldRejectTicketWithNonExistingFromPlanet()" classname="com.example.spacetravel.service.TicketCrudServiceTest" time="0.009"/>
  <system-out><![CDATA[2026-06-10T17:50:41.633+02:00  INFO 44768 --- [    Test worker] t.c.s.AnnotationConfigContextLoaderUtils : Could not detect default configuration classes for test class [com.example.spacetravel.service.TicketCrudServiceTest]: TicketCrudServiceTest does not declare any static, non-private, non-final, nested classes annotated with @Configuration.
2026-06-10T17:50:41.635+02:00  INFO 44768 --- [    Test worker] .b.t.c.SpringBootTestContextBootstrapper : Found @SpringBootConfiguration com.example.spacetravel.SpaceTravelApplication for test class com.example.spacetravel.service.TicketCrudServiceTest
]]></system-out>
  <system-err><![CDATA[]]></system-err>
</testsuite>
