<?xml version="1.0" encoding="UTF-8"?>
<testsuite name="com.example.spacetravel.service.ClientCrudServiceTest" tests="2" skipped="0" failures="0" errors="0" timestamp="2026-06-10T15:50:34.483Z" hostname="oleksii-home" time="7.085">
  <properties/>
  <testcase name="shouldRejectInvalidClientName()" classname="com.example.spacetravel.service.ClientCrudServiceTest" time="0.693"/>
  <testcase name="shouldCreateReadUpdateAndDeleteClient()" classname="com.example.spacetravel.service.ClientCrudServiceTest" time="0.499"/>
  <system-out><![CDATA[17:50:34.664 [Test worker] INFO org.springframework.test.context.support.AnnotationConfigContextLoaderUtils -- Could not detect default configuration classes for test class [com.example.spacetravel.service.ClientCrudServiceTest]: ClientCrudServiceTest does not declare any static, non-private, non-final, nested classes annotated with @Configuration.
17:50:34.835 [Test worker] INFO org.springframework.boot.test.context.SpringBootTestContextBootstrapper -- Found @SpringBootConfiguration com.example.spacetravel.SpaceTravelApplication for test class com.example.spacetravel.service.ClientCrudServiceTest

  .   ____          _            __ _ _
 /\\ / ___'_ __ _ _(_)_ __  __ _ \ \ \ \
( ( )\___ | '_ | '_| | '_ \/ _` | \ \ \ \
 \\/  ___)| |_)| | | | | || (_| |  ) ) ) )
  '  |____| .__|_| |_|_| |_\__, | / / / /
 =========|_|==============|___/=/_/_/_/

 :: Spring Boot ::               (v3.5.14)

2026-06-10T17:50:35.561+02:00  INFO 44768 --- [    Test worker] c.e.s.service.ClientCrudServiceTest      : Starting ClientCrudServiceTest using Java 17.0.19 with PID 44768 (started by oleksii in /home/oleksii/._own_projects/_for_study/spacetravel-homework)
2026-06-10T17:50:35.563+02:00  INFO 44768 --- [    Test worker] c.e.s.service.ClientCrudServiceTest      : No active profile set, falling back to 1 default profile: "default"
2026-06-10T17:50:36.238+02:00  INFO 44768 --- [    Test worker] .s.d.r.c.RepositoryConfigurationDelegate : Bootstrapping Spring Data JPA repositories in DEFAULT mode.
2026-06-10T17:50:36.334+02:00  INFO 44768 --- [    Test worker] .s.d.r.c.RepositoryConfigurationDelegate : Finished Spring Data repository scanning in 81 ms. Found 3 JPA repository interfaces.
2026-06-10T17:50:37.057+02:00  INFO 44768 --- [    Test worker] com.zaxxer.hikari.HikariDataSource       : HikariPool-1 - Starting...
2026-06-10T17:50:37.252+02:00  INFO 44768 --- [    Test worker] com.zaxxer.hikari.pool.HikariPool        : HikariPool-1 - Added connection conn0: url=jdbc:h2:mem:spacetravel-test user=SA
2026-06-10T17:50:37.255+02:00  INFO 44768 --- [    Test worker] com.zaxxer.hikari.HikariDataSource       : HikariPool-1 - Start completed.
2026-06-10T17:50:37.327+02:00  INFO 44768 --- [    Test worker] org.flywaydb.core.FlywayExecutor         : Database: jdbc:h2:mem:spacetravel-test (H2 2.3)
2026-06-10T17:50:37.365+02:00  INFO 44768 --- [    Test worker] o.f.c.i.s.JdbcTableSchemaHistory         : Schema history table "PUBLIC"."flyway_schema_history" does not exist yet
2026-06-10T17:50:37.369+02:00  INFO 44768 --- [    Test worker] o.f.core.internal.command.DbValidate     : Successfully validated 2 migrations (execution time 00:00.016s)
2026-06-10T17:50:37.380+02:00  INFO 44768 --- [    Test worker] o.f.c.i.s.JdbcTableSchemaHistory         : Creating Schema History table "PUBLIC"."flyway_schema_history" ...
2026-06-10T17:50:37.442+02:00  INFO 44768 --- [    Test worker] o.f.core.internal.command.DbMigrate      : Current version of schema "PUBLIC": << Empty Schema >>
2026-06-10T17:50:37.458+02:00  INFO 44768 --- [    Test worker] o.f.core.internal.command.DbMigrate      : Migrating schema "PUBLIC" to version "1 - create db"
2026-06-10T17:50:37.510+02:00  INFO 44768 --- [    Test worker] o.f.core.internal.command.DbMigrate      : Migrating schema "PUBLIC" to version "2 - populate db"
2026-06-10T17:50:37.537+02:00  INFO 44768 --- [    Test worker] o.f.core.internal.command.DbMigrate      : Successfully applied 2 migrations to schema "PUBLIC", now at version v2 (execution time 00:00.037s)
2026-06-10T17:50:37.637+02:00  INFO 44768 --- [    Test worker] o.hibernate.jpa.internal.util.LogHelper  : HHH000204: Processing PersistenceUnitInfo [name: default]
2026-06-10T17:50:37.697+02:00  INFO 44768 --- [    Test worker] org.hibernate.Version                    : HHH000412: Hibernate ORM core version 6.6.49.Final
2026-06-10T17:50:37.741+02:00  INFO 44768 --- [    Test worker] o.h.c.internal.RegionFactoryInitiator    : HHH000026: Second-level cache disabled
2026-06-10T17:50:38.107+02:00  INFO 44768 --- [    Test worker] o.s.o.j.p.SpringPersistenceUnitInfo      : No LoadTimeWeaver setup: ignoring JPA class transformer
2026-06-10T17:50:38.223+02:00  INFO 44768 --- [    Test worker] org.hibernate.orm.connections.pooling    : HHH10001005: Database info:
	Database JDBC URL [Connecting through datasource 'HikariDataSource (HikariPool-1)']
	Database driver: undefined/unknown
	Database version: 2.3.232
	Autocommit mode: undefined/unknown
	Isolation level: undefined/unknown
	Minimum pool size: undefined/unknown
	Maximum pool size: undefined/unknown
2026-06-10T17:50:39.799+02:00  INFO 44768 --- [    Test worker] o.h.e.t.j.p.i.JtaPlatformInitiator       : HHH000489: No JTA platform available (set 'hibernate.transaction.jta.platform' to enable JTA platform integration)
2026-06-10T17:50:39.824+02:00  INFO 44768 --- [    Test worker] j.LocalContainerEntityManagerFactoryBean : Initialized JPA EntityManagerFactory for persistence unit 'default'
2026-06-10T17:50:40.367+02:00  INFO 44768 --- [    Test worker] c.e.s.service.ClientCrudServiceTest      : Started ClientCrudServiceTest in 5.28 seconds (process running for 7.231)
]]></system-out>
  <system-err><![CDATA[]]></system-err>
</testsuite>
